<?xml version="1.0" encoding="utf-8"?><testsuites><testsuite errors="0" failures="1" hostname="user-Aspire" name="pytest" skipped="0" tests="10" time="1.079" timestamp="2020-04-20T13:24:26.494454"><testcase classname="test_submit" file="test_submit.py" line="3" name="test_q1" time="0.001"></testcase><testcase classname="test_submit" file="test_submit.py" line="9" name="test_q2" time="0.050"></testcase><testcase classname="test_submit" file="test_submit.py" line="15" name="test_q3" time="0.004"></testcase><testcase classname="test_submit" file="test_submit.py" line="21" name="test_q4" time="0.002"></testcase><testcase classname="test_submit" file="test_submit.py" line="27" name="test_q5" time="0.009"><failure message="assert 0.0 == 0.694
  -0.0
  +0.694">E   assert 0.0 == 0.694
      -0.0
      +0.694</failure></testcase><testcase classname="test_submit" file="test_submit.py" line="33" name="test_q6" time="0.183"></testcase><testcase classname="test_submit" file="test_submit.py" line="39" name="test_q7" time="0.006"></testcase><testcase classname="test_submit" file="test_submit.py" line="45" name="test_q8" time="0.011"></testcase><testcase classname="test_submit" file="test_submit.py" line="51" name="test_q9" time="0.024"></testcase><testcase classname="test_submit" file="test_submit.py" line="57" name="test_q10" time="0.011"></testcase></testsuite></testsuites>